{"/Users/chenjian/Documents/work/vconsole相关/vcloud-util-dev/packages/util/src/ciddr/index.js": {"path":"/Users/chenjian/Documents/work/vconsole相关/vcloud-util-dev/packages/util/src/ciddr/index.js","statementMap":{"0":{"start":{"line":5,"column":4},"end":{"line":5,"column":45}},"1":{"start":{"line":9,"column":4},"end":{"line":9,"column":49}},"2":{"start":{"line":13,"column":16},"end":{"line":13,"column":28}},"3":{"start":{"line":14,"column":4},"end":{"line":27,"column":5}},"4":{"start":{"line":15,"column":28},"end":{"line":15,"column":43}},"5":{"start":{"line":16,"column":8},"end":{"line":26,"column":9}},"6":{"start":{"line":17,"column":31},"end":{"line":17,"column":62}},"7":{"start":{"line":18,"column":12},"end":{"line":20,"column":13}},"8":{"start":{"line":19,"column":16},"end":{"line":19,"column":30}},"9":{"start":{"line":21,"column":15},"end":{"line":26,"column":9}},"10":{"start":{"line":22,"column":31},"end":{"line":22,"column":62}},"11":{"start":{"line":23,"column":12},"end":{"line":25,"column":13}},"12":{"start":{"line":24,"column":16},"end":{"line":24,"column":30}},"13":{"start":{"line":28,"column":4},"end":{"line":28,"column":17}},"14":{"start":{"line":33,"column":4},"end":{"line":33,"column":25}},"15":{"start":{"line":33,"column":15},"end":{"line":33,"column":25}},"16":{"start":{"line":34,"column":15},"end":{"line":34,"column":30}},"17":{"start":{"line":35,"column":16},"end":{"line":35,"column":34}},"18":{"start":{"line":36,"column":17},"end":{"line":36,"column":24}},"19":{"start":{"line":37,"column":4},"end":{"line":40,"column":6}},"20":{"start":{"line":43,"column":22},"end":{"line":46,"column":1}},"21":{"start":{"line":44,"column":22},"end":{"line":44,"column":95}},"22":{"start":{"line":45,"column":4},"end":{"line":45,"column":21}}},"fnMap":{"0":{"name":"isIp","decl":{"start":{"line":4,"column":16},"end":{"line":4,"column":20}},"loc":{"start":{"line":4,"column":25},"end":{"line":6,"column":1}},"line":4},"1":{"name":"isCidr","decl":{"start":{"line":8,"column":16},"end":{"line":8,"column":22}},"loc":{"start":{"line":8,"column":29},"end":{"line":10,"column":1}},"line":8},"2":{"name":"isSubCidr","decl":{"start":{"line":12,"column":16},"end":{"line":12,"column":25}},"loc":{"start":{"line":12,"column":32},"end":{"line":29,"column":1}},"line":12},"3":{"name":"splitCidr","decl":{"start":{"line":31,"column":16},"end":{"line":31,"column":25}},"loc":{"start":{"line":31,"column":32},"end":{"line":41,"column":1}},"line":31},"4":{"name":"(anonymous_4)","decl":{"start":{"line":43,"column":22},"end":{"line":43,"column":23}},"loc":{"start":{"line":43,"column":49},"end":{"line":46,"column":1}},"line":43}},"branchMap":{"0":{"loc":{"start":{"line":14,"column":4},"end":{"line":27,"column":5}},"type":"if","locations":[{"start":{"line":14,"column":4},"end":{"line":27,"column":5}},{"start":{"line":14,"column":4},"end":{"line":27,"column":5}}],"line":14},"1":{"loc":{"start":{"line":16,"column":8},"end":{"line":26,"column":9}},"type":"if","locations":[{"start":{"line":16,"column":8},"end":{"line":26,"column":9}},{"start":{"line":16,"column":8},"end":{"line":26,"column":9}}],"line":16},"2":{"loc":{"start":{"line":16,"column":12},"end":{"line":16,"column":35}},"type":"binary-expr","locations":[{"start":{"line":16,"column":12},"end":{"line":16,"column":21}},{"start":{"line":16,"column":25},"end":{"line":16,"column":35}}],"line":16},"3":{"loc":{"start":{"line":18,"column":12},"end":{"line":20,"column":13}},"type":"if","locations":[{"start":{"line":18,"column":12},"end":{"line":20,"column":13}},{"start":{"line":18,"column":12},"end":{"line":20,"column":13}}],"line":18},"4":{"loc":{"start":{"line":21,"column":15},"end":{"line":26,"column":9}},"type":"if","locations":[{"start":{"line":21,"column":15},"end":{"line":26,"column":9}},{"start":{"line":21,"column":15},"end":{"line":26,"column":9}}],"line":21},"5":{"loc":{"start":{"line":23,"column":12},"end":{"line":25,"column":13}},"type":"if","locations":[{"start":{"line":23,"column":12},"end":{"line":25,"column":13}},{"start":{"line":23,"column":12},"end":{"line":25,"column":13}}],"line":23},"6":{"loc":{"start":{"line":33,"column":4},"end":{"line":33,"column":25}},"type":"if","locations":[{"start":{"line":33,"column":4},"end":{"line":33,"column":25}},{"start":{"line":33,"column":4},"end":{"line":33,"column":25}}],"line":33}},"s":{"0":4,"1":4,"2":0,"3":0,"4":0,"5":0,"6":0,"7":0,"8":0,"9":0,"10":0,"11":0,"12":0,"13":0,"14":0,"15":0,"16":0,"17":0,"18":0,"19":0,"20":1,"21":0,"22":0},"f":{"0":4,"1":4,"2":0,"3":0,"4":0},"b":{"0":[0,0],"1":[0,0],"2":[0,0],"3":[0,0],"4":[0,0],"5":[0,0],"6":[0,0]},"_coverageSchema":"332fd63041d2c1bcb487cc26dd0d5f7d97098a6c","hash":"975685825cd0775f67dff08237ef74ca897bd62a"}
}
