TN:
SF:/Users/chenjian/Documents/work/vconsole相关/vcloud-util-dev/packages/util/src/ciddr/index.js
FN:4,isIp
FN:8,isCidr
FN:12,isSubCidr
FN:31,splitCidr
FN:43,(anonymous_4)
FNF:5
FNH:2
FNDA:4,isIp
FNDA:4,isCidr
FNDA:0,isSubCidr
FNDA:0,splitCidr
FNDA:0,(anonymous_4)
DA:5,4
DA:9,4
DA:13,0
DA:14,0
DA:15,0
DA:16,0
DA:17,0
DA:18,0
DA:19,0
DA:21,0
DA:22,0
DA:23,0
DA:24,0
DA:28,0
DA:33,0
DA:34,0
DA:35,0
DA:36,0
DA:37,0
DA:43,1
DA:44,0
DA:45,0
LF:22
LH:3
BRDA:14,0,0,0
BRDA:14,0,1,0
BRDA:16,1,0,0
BRDA:16,1,1,0
BRDA:16,2,0,0
BRDA:16,2,1,0
BRDA:18,3,0,0
BRDA:18,3,1,0
BRDA:21,4,0,0
BRDA:21,4,1,0
BRDA:23,5,0,0
BRDA:23,5,1,0
BRDA:33,6,0,0
BRDA:33,6,1,0
BRF:14
BRH:0
end_of_record
